{"/home/n3wton/Documents/javascript-labs/FindIt_M3/FindIt/src/components/Navbar.jsx": {"path":"/home/n3wton/Documents/javascript-labs/FindIt_M3/FindIt/src/components/Navbar.jsx","statementMap":{"0":{"start":{"line":4,"column":0},"end":{"line":4,"column":null}},"1":{"start":{"line":5,"column":2},"end":{"line":5,"column":37}},"2":{"start":{"line":5,"column":37},"end":{"line":16,"column":null}},"3":{"start":{"line":11,"column":8},"end":{"line":11,"column":null}},"4":{"start":{"line":16,"column":15},"end":{"line":16,"column":null}},"5":{"start":{"line":16,"column":15},"end":{"line":26,"column":null}},"6":{"start":{"line":20,"column":10},"end":{"line":20,"column":19}},"7":{"start":{"line":24,"column":10},"end":{"line":24,"column":19}},"8":{"start":{"line":26,"column":17},"end":{"line":26,"column":null}},"9":{"start":{"line":26,"column":17},"end":{"line":49,"column":null}},"10":{"start":{"line":28,"column":11},"end":{"line":47,"column":null}},"11":{"start":{"line":49,"column":11},"end":{"line":49,"column":null}},"12":{"start":{"line":49,"column":11},"end":{"line":64,"column":null}},"13":{"start":{"line":51,"column":11},"end":{"line":62,"column":null}},"14":{"start":{"line":64,"column":11},"end":{"line":64,"column":null}},"15":{"start":{"line":64,"column":11},"end":{"line":67,"column":null}},"16":{"start":{"line":8,"column":4},"end":{"line":67,"column":null}},"17":{"start":{"line":67,"column":10},"end":{"line":67,"column":null}},"18":{"start":{"line":67,"column":10},"end":{"line":8,"column":19}}},"fnMap":{"0":{"name":"Navbar","decl":{"start":{"line":4,"column":0},"end":{"line":4,"column":null}},"loc":{"start":{"line":4,"column":0},"end":{"line":67,"column":null}},"line":4}},"branchMap":{"0":{"loc":{"start":{"line":5,"column":37},"end":{"line":16,"column":null}},"type":"if","locations":[{"start":{"line":5,"column":37},"end":{"line":16,"column":null}},{"start":{"line":16,"column":15},"end":{"line":16,"column":null}}],"line":5},"1":{"loc":{"start":{"line":16,"column":15},"end":{"line":26,"column":null}},"type":"if","locations":[{"start":{"line":16,"column":15},"end":{"line":26,"column":null}},{"start":{"line":26,"column":17},"end":{"line":26,"column":null}}],"line":16},"2":{"loc":{"start":{"line":26,"column":17},"end":{"line":49,"column":null}},"type":"if","locations":[{"start":{"line":26,"column":17},"end":{"line":49,"column":null}},{"start":{"line":49,"column":11},"end":{"line":49,"column":null}}],"line":26},"3":{"loc":{"start":{"line":26,"column":17},"end":{"line":26,"column":null}},"type":"binary-expr","locations":[{"start":{"line":26,"column":17},"end":{"line":26,"column":null}},{"start":{"line":26,"column":17},"end":{"line":26,"column":null}}],"line":26},"4":{"loc":{"start":{"line":28,"column":11},"end":{"line":47,"column":null}},"type":"binary-expr","locations":[{"start":{"line":28,"column":11},"end":{"line":28,"column":null}},{"start":{"line":28,"column":11},"end":{"line":47,"column":null}}],"line":28},"5":{"loc":{"start":{"line":49,"column":11},"end":{"line":64,"column":null}},"type":"if","locations":[{"start":{"line":49,"column":11},"end":{"line":64,"column":null}},{"start":{"line":64,"column":11},"end":{"line":64,"column":null}}],"line":49},"6":{"loc":{"start":{"line":51,"column":11},"end":{"line":62,"column":null}},"type":"binary-expr","locations":[{"start":{"line":51,"column":11},"end":{"line":51,"column":null}},{"start":{"line":51,"column":11},"end":{"line":62,"column":null}}],"line":51},"7":{"loc":{"start":{"line":64,"column":11},"end":{"line":67,"column":null}},"type":"if","locations":[{"start":{"line":64,"column":11},"end":{"line":67,"column":null}},{"start":{"line":67,"column":10},"end":{"line":67,"column":null}}],"line":64},"8":{"loc":{"start":{"line":64,"column":11},"end":{"line":64,"column":null}},"type":"binary-expr","locations":[{"start":{"line":64,"column":11},"end":{"line":64,"column":null}},{"start":{"line":64,"column":11},"end":{"line":64,"column":null}}],"line":64}},"s":{"0":1,"1":1,"2":1,"3":1,"4":0,"5":1,"6":1,"7":1,"8":0,"9":1,"10":1,"11":0,"12":1,"13":1,"14":0,"15":1,"16":1,"17":0,"18":1},"f":{"0":1},"b":{"0":[1,0],"1":[1,0],"2":[1,0],"3":[1,0],"4":[1,1],"5":[1,0],"6":[1,0],"7":[1,0],"8":[1,0]},"meta":{"lastBranch":9,"lastFunction":1,"lastStatement":19,"seen":{"f:4:0:4:Infinity":0,"s:4:0:4:Infinity":0,"s:5:2:5:37":1,"b:5:37:16:Infinity:16:15:16:Infinity":0,"s:5:37:16:Infinity":2,"s:11:8:11:Infinity":3,"s:16:15:16:Infinity":4,"b:16:15:26:Infinity:26:17:26:Infinity":1,"s:16:15:26:Infinity":5,"s:20:10:20:19":6,"s:24:10:24:19":7,"s:26:17:26:Infinity":8,"b:26:17:49:Infinity:49:11:49:Infinity":2,"s:26:17:49:Infinity":9,"b:26:17:26:Infinity:26:17:26:Infinity":3,"s:28:11:47:Infinity":10,"b:28:11:28:Infinity:28:11:47:Infinity":4,"s:49:11:49:Infinity":11,"b:49:11:64:Infinity:64:11:64:Infinity":5,"s:49:11:64:Infinity":12,"s:51:11:62:Infinity":13,"b:51:11:51:Infinity:51:11:62:Infinity":6,"s:64:11:64:Infinity":14,"b:64:11:67:Infinity:67:10:67:Infinity":7,"s:64:11:67:Infinity":15,"b:64:11:64:Infinity:64:11:64:Infinity":8,"s:8:4:67:Infinity":16,"s:67:10:67:Infinity":17,"s:67:10:8:19":18}}}
,"/home/n3wton/Documents/javascript-labs/FindIt_M3/FindIt/src/firebase/firebase.js": {"path":"/home/n3wton/Documents/javascript-labs/FindIt_M3/FindIt/src/firebase/firebase.js","statementMap":{"0":{"start":{"line":5,"column":23},"end":{"line":12,"column":null}},"1":{"start":{"line":14,"column":6},"end":{"line":14,"column":null}},"2":{"start":{"line":16,"column":13},"end":{"line":16,"column":null}},"3":{"start":{"line":17,"column":13},"end":{"line":17,"column":null}}},"fnMap":{},"branchMap":{},"s":{"0":2,"1":2,"2":2,"3":2},"f":{},"b":{},"meta":{"lastBranch":0,"lastFunction":0,"lastStatement":4,"seen":{"s:5:23:12:Infinity":0,"s:14:6:14:Infinity":1,"s:16:13:16:Infinity":2,"s:17:13:17:Infinity":3}}}
,"/home/n3wton/Documents/javascript-labs/FindIt_M3/FindIt/src/pages/Login.jsx": {"path":"/home/n3wton/Documents/javascript-labs/FindIt_M3/FindIt/src/pages/Login.jsx","statementMap":{"0":{"start":{"line":10,"column":0},"end":{"line":10,"column":null}},"1":{"start":{"line":11,"column":2},"end":{"line":11,"column":33}},"2":{"start":{"line":11,"column":33},"end":{"line":15,"column":5}},"3":{"start":{"line":12,"column":35},"end":{"line":15,"column":3}},"4":{"start":{"line":15,"column":3},"end":{"line":15,"column":5}},"5":{"start":{"line":12,"column":2},"end":{"line":15,"column":5}},"6":{"start":{"line":15,"column":5},"end":{"line":22,"column":4}},"7":{"start":{"line":17,"column":23},"end":{"line":21,"column":null}},"8":{"start":{"line":18,"column":4},"end":{"line":21,"column":6}},"9":{"start":{"line":22,"column":3},"end":{"line":22,"column":4}},"10":{"start":{"line":17,"column":23},"end":{"line":17,"column":null}},"11":{"start":{"line":22,"column":4},"end":{"line":39,"column":4}},"12":{"start":{"line":24,"column":23},"end":{"line":38,"column":null}},"13":{"start":{"line":25,"column":4},"end":{"line":25,"column":22}},"14":{"start":{"line":27,"column":4},"end":{"line":37,"column":null}},"15":{"start":{"line":28,"column":6},"end":{"line":32,"column":null}},"16":{"start":{"line":33,"column":6},"end":{"line":33,"column":null}},"17":{"start":{"line":35,"column":6},"end":{"line":35,"column":32}},"18":{"start":{"line":36,"column":13},"end":{"line":36,"column":null}},"19":{"start":{"line":37,"column":6},"end":{"line":37,"column":26}},"20":{"start":{"line":39,"column":3},"end":{"line":39,"column":4}},"21":{"start":{"line":24,"column":23},"end":{"line":24,"column":null}},"22":{"start":{"line":39,"column":4},"end":{"line":52,"column":4}},"23":{"start":{"line":41,"column":28},"end":{"line":51,"column":null}},"24":{"start":{"line":42,"column":21},"end":{"line":42,"column":46}},"25":{"start":{"line":44,"column":4},"end":{"line":50,"column":null}},"26":{"start":{"line":45,"column":6},"end":{"line":45,"column":null}},"27":{"start":{"line":46,"column":6},"end":{"line":46,"column":null}},"28":{"start":{"line":48,"column":6},"end":{"line":48,"column":39}},"29":{"start":{"line":49,"column":13},"end":{"line":49,"column":null}},"30":{"start":{"line":50,"column":6},"end":{"line":50,"column":26}},"31":{"start":{"line":52,"column":3},"end":{"line":52,"column":4}},"32":{"start":{"line":41,"column":28},"end":{"line":41,"column":null}},"33":{"start":{"line":52,"column":4},"end":{"line":62,"column":null}},"34":{"start":{"line":60,"column":8},"end":{"line":62,"column":null}},"35":{"start":{"line":62,"column":13},"end":{"line":62,"column":null}},"36":{"start":{"line":62,"column":13},"end":{"line":78,"column":null}},"37":{"start":{"line":64,"column":8},"end":{"line":69,"column":null}},"38":{"start":{"line":72,"column":8},"end":{"line":77,"column":null}},"39":{"start":{"line":78,"column":10},"end":{"line":78,"column":null}},"40":{"start":{"line":78,"column":10},"end":{"line":84,"column":null}},"41":{"start":{"line":80,"column":8},"end":{"line":84,"column":null}},"42":{"start":{"line":84,"column":17},"end":{"line":84,"column":null}},"43":{"start":{"line":84,"column":17},"end":{"line":92,"column":null}},"44":{"start":{"line":86,"column":8},"end":{"line":92,"column":null}},"45":{"start":{"line":92,"column":17},"end":{"line":92,"column":null}},"46":{"start":{"line":92,"column":17},"end":{"line":94,"column":null}},"47":{"start":{"line":55,"column":4},"end":{"line":94,"column":null}},"48":{"start":{"line":94,"column":10},"end":{"line":94,"column":null}},"49":{"start":{"line":94,"column":10},"end":{"line":55,"column":19}}},"fnMap":{"0":{"name":"Login","decl":{"start":{"line":10,"column":0},"end":{"line":10,"column":null}},"loc":{"start":{"line":10,"column":0},"end":{"line":94,"column":null}},"line":10},"1":{"name":"(anonymous_1)","decl":{"start":{"line":17,"column":23},"end":{"line":17,"column":null}},"loc":{"start":{"line":17,"column":23},"end":{"line":21,"column":null}},"line":17},"2":{"name":"(anonymous_2)","decl":{"start":{"line":24,"column":23},"end":{"line":24,"column":null}},"loc":{"start":{"line":24,"column":23},"end":{"line":38,"column":null}},"line":24},"3":{"name":"(anonymous_3)","decl":{"start":{"line":41,"column":28},"end":{"line":41,"column":null}},"loc":{"start":{"line":41,"column":28},"end":{"line":51,"column":null}},"line":41}},"branchMap":{"0":{"loc":{"start":{"line":11,"column":33},"end":{"line":15,"column":5}},"type":"if","locations":[{"start":{"line":11,"column":33},"end":{"line":15,"column":5}},{"start":{"line":15,"column":3},"end":{"line":15,"column":5}}],"line":11},"1":{"loc":{"start":{"line":15,"column":5},"end":{"line":22,"column":4}},"type":"if","locations":[{"start":{"line":15,"column":5},"end":{"line":22,"column":4}},{"start":{"line":22,"column":3},"end":{"line":22,"column":4}}],"line":15},"2":{"loc":{"start":{"line":22,"column":4},"end":{"line":39,"column":4}},"type":"if","locations":[{"start":{"line":22,"column":4},"end":{"line":39,"column":4}},{"start":{"line":39,"column":3},"end":{"line":39,"column":4}}],"line":22},"3":{"loc":{"start":{"line":22,"column":4},"end":{"line":22,"column":null}},"type":"binary-expr","locations":[{"start":{"line":22,"column":4},"end":{"line":22,"column":null}},{"start":{"line":22,"column":4},"end":{"line":22,"column":null}}],"line":22},"4":{"loc":{"start":{"line":39,"column":4},"end":{"line":52,"column":4}},"type":"if","locations":[{"start":{"line":39,"column":4},"end":{"line":52,"column":4}},{"start":{"line":52,"column":3},"end":{"line":52,"column":4}}],"line":39},"5":{"loc":{"start":{"line":52,"column":4},"end":{"line":62,"column":null}},"type":"if","locations":[{"start":{"line":52,"column":4},"end":{"line":62,"column":null}},{"start":{"line":62,"column":13},"end":{"line":62,"column":null}}],"line":52},"6":{"loc":{"start":{"line":62,"column":13},"end":{"line":78,"column":null}},"type":"if","locations":[{"start":{"line":62,"column":13},"end":{"line":78,"column":null}},{"start":{"line":78,"column":10},"end":{"line":78,"column":null}}],"line":62},"7":{"loc":{"start":{"line":78,"column":10},"end":{"line":84,"column":null}},"type":"if","locations":[{"start":{"line":78,"column":10},"end":{"line":84,"column":null}},{"start":{"line":84,"column":17},"end":{"line":84,"column":null}}],"line":78},"8":{"loc":{"start":{"line":84,"column":17},"end":{"line":92,"column":null}},"type":"if","locations":[{"start":{"line":84,"column":17},"end":{"line":92,"column":null}},{"start":{"line":92,"column":17},"end":{"line":92,"column":null}}],"line":84},"9":{"loc":{"start":{"line":92,"column":17},"end":{"line":94,"column":null}},"type":"if","locations":[{"start":{"line":92,"column":17},"end":{"line":94,"column":null}},{"start":{"line":94,"column":10},"end":{"line":94,"column":null}}],"line":92},"10":{"loc":{"start":{"line":92,"column":17},"end":{"line":92,"column":null}},"type":"binary-expr","locations":[{"start":{"line":92,"column":17},"end":{"line":92,"column":null}},{"start":{"line":92,"column":17},"end":{"line":92,"column":null}},{"start":{"line":92,"column":17},"end":{"line":92,"column":null}},{"start":{"line":92,"column":17},"end":{"line":92,"column":null}}],"line":92}},"s":{"0":1,"1":1,"2":1,"3":1,"4":0,"5":1,"6":1,"7":1,"8":0,"9":0,"10":1,"11":1,"12":1,"13":0,"14":0,"15":0,"16":0,"17":0,"18":0,"19":0,"20":0,"21":1,"22":1,"23":1,"24":0,"25":0,"26":0,"27":0,"28":0,"29":0,"30":0,"31":0,"32":1,"33":1,"34":1,"35":0,"36":1,"37":1,"38":1,"39":0,"40":1,"41":1,"42":0,"43":1,"44":1,"45":0,"46":1,"47":1,"48":0,"49":1},"f":{"0":1,"1":0,"2":0,"3":0},"b":{"0":[1,0],"1":[1,0],"2":[1,0],"3":[1,0],"4":[1,0],"5":[1,0],"6":[1,0],"7":[1,0],"8":[1,0],"9":[1,0],"10":[1,0,0,0]},"meta":{"lastBranch":11,"lastFunction":4,"lastStatement":50,"seen":{"f:10:0:10:Infinity":0,"s:10:0:10:Infinity":0,"s:11:2:11:33":1,"b:11:33:15:5:15:3:15:5":0,"s:11:33:15:5":2,"s:12:35:15:3":3,"s:15:3:15:5":4,"s:12:2:15:5":5,"b:15:5:22:4:22:3:22:4":1,"s:15:5:22:4":6,"s:17:23:21:Infinity":7,"f:17:23:17:Infinity":1,"s:18:4:21:6":8,"s:22:3:22:4":9,"s:17:23:17:Infinity":10,"b:22:4:39:4:39:3:39:4":2,"s:22:4:39:4":11,"b:22:4:22:Infinity:22:4:22:Infinity":3,"s:24:23:38:Infinity":12,"f:24:23:24:Infinity":2,"s:25:4:25:22":13,"s:27:4:37:Infinity":14,"s:28:6:32:Infinity":15,"s:33:6:33:Infinity":16,"s:35:6:35:32":17,"s:36:13:36:Infinity":18,"s:37:6:37:26":19,"s:39:3:39:4":20,"s:24:23:24:Infinity":21,"b:39:4:52:4:52:3:52:4":4,"s:39:4:52:4":22,"s:41:28:51:Infinity":23,"f:41:28:41:Infinity":3,"s:42:21:42:46":24,"s:44:4:50:Infinity":25,"s:45:6:45:Infinity":26,"s:46:6:46:Infinity":27,"s:48:6:48:39":28,"s:49:13:49:Infinity":29,"s:50:6:50:26":30,"s:52:3:52:4":31,"s:41:28:41:Infinity":32,"b:52:4:62:Infinity:62:13:62:Infinity":5,"s:52:4:62:Infinity":33,"s:60:8:62:Infinity":34,"s:62:13:62:Infinity":35,"b:62:13:78:Infinity:78:10:78:Infinity":6,"s:62:13:78:Infinity":36,"s:64:8:69:Infinity":37,"s:72:8:77:Infinity":38,"s:78:10:78:Infinity":39,"b:78:10:84:Infinity:84:17:84:Infinity":7,"s:78:10:84:Infinity":40,"s:80:8:84:Infinity":41,"s:84:17:84:Infinity":42,"b:84:17:92:Infinity:92:17:92:Infinity":8,"s:84:17:92:Infinity":43,"s:86:8:92:Infinity":44,"s:92:17:92:Infinity":45,"b:92:17:94:Infinity:94:10:94:Infinity":9,"s:92:17:94:Infinity":46,"b:92:17:92:Infinity:92:17:92:Infinity:92:17:92:Infinity:92:17:92:Infinity":10,"s:55:4:94:Infinity":47,"s:94:10:94:Infinity":48,"s:94:10:55:19":49}}}
,"/home/n3wton/Documents/javascript-labs/FindIt_M3/FindIt/src/pages/Signup.jsx": {"path":"/home/n3wton/Documents/javascript-labs/FindIt_M3/FindIt/src/pages/Signup.jsx","statementMap":{"0":{"start":{"line":9,"column":0},"end":{"line":9,"column":null}},"1":{"start":{"line":9,"column":0},"end":{"line":13,"column":5}},"2":{"start":{"line":10,"column":35},"end":{"line":13,"column":3}},"3":{"start":{"line":13,"column":3},"end":{"line":13,"column":5}},"4":{"start":{"line":10,"column":2},"end":{"line":13,"column":5}},"5":{"start":{"line":13,"column":5},"end":{"line":20,"column":4}},"6":{"start":{"line":15,"column":23},"end":{"line":19,"column":null}},"7":{"start":{"line":16,"column":4},"end":{"line":19,"column":6}},"8":{"start":{"line":20,"column":3},"end":{"line":20,"column":4}},"9":{"start":{"line":15,"column":23},"end":{"line":15,"column":null}},"10":{"start":{"line":20,"column":4},"end":{"line":36,"column":4}},"11":{"start":{"line":22,"column":23},"end":{"line":35,"column":null}},"12":{"start":{"line":23,"column":4},"end":{"line":23,"column":22}},"13":{"start":{"line":25,"column":4},"end":{"line":34,"column":null}},"14":{"start":{"line":26,"column":6},"end":{"line":30,"column":null}},"15":{"start":{"line":32,"column":6},"end":{"line":32,"column":31}},"16":{"start":{"line":33,"column":13},"end":{"line":33,"column":null}},"17":{"start":{"line":34,"column":6},"end":{"line":34,"column":26}},"18":{"start":{"line":36,"column":3},"end":{"line":36,"column":4}},"19":{"start":{"line":22,"column":23},"end":{"line":22,"column":null}},"20":{"start":{"line":36,"column":4},"end":{"line":46,"column":null}},"21":{"start":{"line":44,"column":8},"end":{"line":46,"column":null}},"22":{"start":{"line":46,"column":13},"end":{"line":46,"column":null}},"23":{"start":{"line":46,"column":13},"end":{"line":62,"column":null}},"24":{"start":{"line":48,"column":8},"end":{"line":53,"column":null}},"25":{"start":{"line":56,"column":8},"end":{"line":61,"column":null}},"26":{"start":{"line":62,"column":10},"end":{"line":62,"column":null}},"27":{"start":{"line":62,"column":10},"end":{"line":68,"column":null}},"28":{"start":{"line":64,"column":8},"end":{"line":68,"column":null}},"29":{"start":{"line":68,"column":17},"end":{"line":68,"column":null}},"30":{"start":{"line":68,"column":17},"end":{"line":70,"column":null}},"31":{"start":{"line":39,"column":4},"end":{"line":70,"column":null}},"32":{"start":{"line":70,"column":10},"end":{"line":70,"column":null}},"33":{"start":{"line":70,"column":10},"end":{"line":39,"column":19}}},"fnMap":{"0":{"name":"Signup","decl":{"start":{"line":9,"column":0},"end":{"line":9,"column":null}},"loc":{"start":{"line":9,"column":0},"end":{"line":70,"column":null}},"line":9},"1":{"name":"(anonymous_1)","decl":{"start":{"line":15,"column":23},"end":{"line":15,"column":null}},"loc":{"start":{"line":15,"column":23},"end":{"line":19,"column":null}},"line":15},"2":{"name":"(anonymous_2)","decl":{"start":{"line":22,"column":23},"end":{"line":22,"column":null}},"loc":{"start":{"line":22,"column":23},"end":{"line":35,"column":null}},"line":22}},"branchMap":{"0":{"loc":{"start":{"line":9,"column":0},"end":{"line":13,"column":5}},"type":"if","locations":[{"start":{"line":9,"column":0},"end":{"line":13,"column":5}},{"start":{"line":13,"column":3},"end":{"line":13,"column":5}}],"line":9},"1":{"loc":{"start":{"line":13,"column":5},"end":{"line":20,"column":4}},"type":"if","locations":[{"start":{"line":13,"column":5},"end":{"line":20,"column":4}},{"start":{"line":20,"column":3},"end":{"line":20,"column":4}}],"line":13},"2":{"loc":{"start":{"line":20,"column":4},"end":{"line":36,"column":4}},"type":"if","locations":[{"start":{"line":20,"column":4},"end":{"line":36,"column":4}},{"start":{"line":36,"column":3},"end":{"line":36,"column":4}}],"line":20},"3":{"loc":{"start":{"line":36,"column":4},"end":{"line":46,"column":null}},"type":"if","locations":[{"start":{"line":36,"column":4},"end":{"line":46,"column":null}},{"start":{"line":46,"column":13},"end":{"line":46,"column":null}}],"line":36},"4":{"loc":{"start":{"line":46,"column":13},"end":{"line":62,"column":null}},"type":"if","locations":[{"start":{"line":46,"column":13},"end":{"line":62,"column":null}},{"start":{"line":62,"column":10},"end":{"line":62,"column":null}}],"line":46},"5":{"loc":{"start":{"line":62,"column":10},"end":{"line":68,"column":null}},"type":"if","locations":[{"start":{"line":62,"column":10},"end":{"line":68,"column":null}},{"start":{"line":68,"column":17},"end":{"line":68,"column":null}}],"line":62},"6":{"loc":{"start":{"line":68,"column":17},"end":{"line":70,"column":null}},"type":"if","locations":[{"start":{"line":68,"column":17},"end":{"line":70,"column":null}},{"start":{"line":70,"column":10},"end":{"line":70,"column":null}}],"line":68},"7":{"loc":{"start":{"line":68,"column":17},"end":{"line":68,"column":null}},"type":"binary-expr","locations":[{"start":{"line":68,"column":17},"end":{"line":68,"column":null}},{"start":{"line":68,"column":17},"end":{"line":68,"column":null}},{"start":{"line":68,"column":17},"end":{"line":68,"column":null}}],"line":68}},"s":{"0":1,"1":1,"2":1,"3":0,"4":1,"5":1,"6":1,"7":0,"8":0,"9":1,"10":1,"11":1,"12":0,"13":0,"14":0,"15":0,"16":0,"17":0,"18":0,"19":1,"20":1,"21":1,"22":0,"23":1,"24":1,"25":1,"26":0,"27":1,"28":1,"29":0,"30":1,"31":1,"32":0,"33":1},"f":{"0":1,"1":0,"2":0},"b":{"0":[1,0],"1":[1,0],"2":[1,0],"3":[1,0],"4":[1,0],"5":[1,0],"6":[1,0],"7":[1,0,0]},"meta":{"lastBranch":8,"lastFunction":3,"lastStatement":34,"seen":{"f:9:0:9:Infinity":0,"s:9:0:9:Infinity":0,"b:9:0:13:5:13:3:13:5":0,"s:9:0:13:5":1,"s:10:35:13:3":2,"s:13:3:13:5":3,"s:10:2:13:5":4,"b:13:5:20:4:20:3:20:4":1,"s:13:5:20:4":5,"s:15:23:19:Infinity":6,"f:15:23:15:Infinity":1,"s:16:4:19:6":7,"s:20:3:20:4":8,"s:15:23:15:Infinity":9,"b:20:4:36:4:36:3:36:4":2,"s:20:4:36:4":10,"s:22:23:35:Infinity":11,"f:22:23:22:Infinity":2,"s:23:4:23:22":12,"s:25:4:34:Infinity":13,"s:26:6:30:Infinity":14,"s:32:6:32:31":15,"s:33:13:33:Infinity":16,"s:34:6:34:26":17,"s:36:3:36:4":18,"s:22:23:22:Infinity":19,"b:36:4:46:Infinity:46:13:46:Infinity":3,"s:36:4:46:Infinity":20,"s:44:8:46:Infinity":21,"s:46:13:46:Infinity":22,"b:46:13:62:Infinity:62:10:62:Infinity":4,"s:46:13:62:Infinity":23,"s:48:8:53:Infinity":24,"s:56:8:61:Infinity":25,"s:62:10:62:Infinity":26,"b:62:10:68:Infinity:68:17:68:Infinity":5,"s:62:10:68:Infinity":27,"s:64:8:68:Infinity":28,"s:68:17:68:Infinity":29,"b:68:17:70:Infinity:70:10:70:Infinity":6,"s:68:17:70:Infinity":30,"b:68:17:68:Infinity:68:17:68:Infinity:68:17:68:Infinity":7,"s:39:4:70:Infinity":31,"s:70:10:70:Infinity":32,"s:70:10:39:19":33}}}
}
